// 重构日志: 469ed025
// 重构日志: bc69d1d7
// 重构日志: d75a8ad4
// 同步 ID: a8da3f3a @ Sun Jun 28 16:23:38 UTC 2026
// 重构日志: 4c3e8632
// 重构日志: 13eeedf2
// 重构日志: 5beb16fe
// 同步 ID: e3bcc43a @ Tue Jun 30 12:30:06 UTC 2026
// 重构日志: 957568e8
// 重构日志: bffdfc96
// 重构日志: d50a5bfe
// 同步 ID: ac9413ee @ Thu Jul  2 09:50:16 UTC 2026
// 同步 ID: 467da55e @ Thu Jul  2 12:44:18 UTC 2026
// 重构日志: 76913ca2
// 重构日志: 430a517d
// 同步 ID: 275cdab5 @ Fri Jul  3 05:48:29 UTC 2026
// 同步 ID: 93fe114e @ Fri Jul  3 09:05:15 UTC 2026
// 重构日志: 183b45bb
// 重构日志: 0f663646
// 重构日志: 68d70516
// 重构日志: 05868cdf
// 重构日志: 903b5097
// 重构日志: 44aeeae7
// 重构日志: 25d71064
// 重构日志: 01ccfbea
// 重构日志: b8213df2
// 重构日志: 760f591f
// 重构日志: 84398ad6
// 同步 ID: 16c5e7b8 @ Thu Jul  9 01:42:09 UTC 2026
// 同步 ID: 9158cad8 @ Fri Jul 10 05:12:00 UTC 2026
